<?xml version="1.0" encoding="UTF-8"?>
<!-- Generated by org.testng.reporters.JUnitXMLReporter -->
<testsuite ignored="0" hostname="TAHIR" failures="0" tests="4" name="Test2" time="1.186" errors="0" timestamp="2022-11-16T11:38:36 IST">
  <testcase classname="test.SwagLabsLoginTest" name="@BeforeMethod launchBrowser" time="0.22">
    <failure type="java.lang.IllegalStateException" message="The path to the driver executable The path to the driver executable must be set by the webdriver.edge.driver system property; for more information, see https://docs.microsoft.com/en-us/microsoft-edge/webdriver-chromium/. The latest version can be downloaded from https://developer.microsoft.com/en-us/microsoft-edge/tools/webdriver/">
      <![CDATA[java.lang.IllegalStateException: The path to the driver executable The path to the driver executable must be set by the webdriver.edge.driver system property; for more information, see https://docs.microsoft.com/en-us/microsoft-edge/webdriver-chromium/. The latest version can be downloaded from https://developer.microsoft.com/en-us/microsoft-edge/tools/webdriver/
at org.openqa.selenium.internal.Require$StateChecker.nonNull(Require.java:311)
at org.openqa.selenium.remote.service.DriverService.findExecutable(DriverService.java:135)
at org.openqa.selenium.edge.EdgeDriverService.access$000(EdgeDriverService.java:40)
at org.openqa.selenium.edge.EdgeDriverService$Builder.findDefaultExecutable(EdgeDriverService.java:190)
at org.openqa.selenium.remote.service.DriverService$Builder.build(DriverService.java:437)
at org.openqa.selenium.edge.EdgeDriver.<init>(EdgeDriver.java:46)
at org.openqa.selenium.edge.EdgeDriver.<init>(EdgeDriver.java:42)
at pojo.Browser.openBrowser(Browser.java:19)
at test.SwagLabsLoginTest.launchBrowser(SwagLabsLoginTest.java:39)
at java.base/java.util.ArrayList.forEach(ArrayList.java:1511)
... Removed 31 stack frames]]>
    </failure>
  </testcase> <!-- @BeforeMethod launchBrowser -->
  <testcase classname="test.SwagLabsLoginTest" name="@AfterMethod getTestResults" time="-1.668578915923E9">
    <skipped/>
  </testcase> <!-- @AfterMethod getTestResults -->
  <testcase classname="test.SwagLabsLoginTest" name="@BeforeMethod launchBrowser" time="-1.668578915927E9">
    <skipped/>
  </testcase> <!-- @BeforeMethod launchBrowser -->
  <testcase classname="test.SwagLabsLoginTest" name="@AfterMethod getTestResults" time="-1.668578915985E9">
    <skipped/>
  </testcase> <!-- @AfterMethod getTestResults -->
  <testcase classname="test.SwagLabsLoginTest" name="@BeforeMethod launchBrowser" time="-1.668578915992E9">
    <skipped/>
  </testcase> <!-- @BeforeMethod launchBrowser -->
  <testcase classname="test.SwagLabsLoginTest" name="@AfterMethod getTestResults" time="-1.668578916003E9">
    <skipped/>
  </testcase> <!-- @AfterMethod getTestResults -->
  <testcase classname="test.SwagLabsLoginTest" name="@BeforeMethod launchBrowser" time="-1.66857891601E9">
    <skipped/>
  </testcase> <!-- @BeforeMethod launchBrowser -->
  <testcase classname="test.SwagLabsLoginTest" name="@AfterMethod getTestResults" time="-1.668578916025E9">
    <skipped/>
  </testcase> <!-- @AfterMethod getTestResults -->
  <testcase classname="test.SwagLabsLoginTest" name="@AfterTest publishResult" time="-1.668578916034E9">
    <skipped/>
  </testcase> <!-- @AfterTest publishResult -->
  <testcase classname="test.SwagLabsLoginTest" name="swagLabsLoginTestWithValidCredentials" time="0.0">
    <skipped/>
  </testcase> <!-- swagLabsLoginTestWithValidCredentials -->
  <testcase classname="test.SwagLabsLoginTest" name="swagLabsLoginTestWithValidCredentials" time="0.0">
    <skipped/>
  </testcase> <!-- swagLabsLoginTestWithValidCredentials -->
  <testcase classname="test.SwagLabsLoginTest" name="swagLabsLoginTestWithValidCredentials" time="0.0">
    <skipped/>
  </testcase> <!-- swagLabsLoginTestWithValidCredentials -->
  <testcase classname="test.SwagLabsLoginTest" name="swagLabsLoginTestWithValidCredentials" time="0.0">
    <skipped/>
  </testcase> <!-- swagLabsLoginTestWithValidCredentials -->
</testsuite> <!-- Test2 -->
